Turbo Assembler	 Version 4.1	    03/16/26 17:14:59	    Page 1
break_me.asm



      1	0000			     .model tiny
      2	0000			     .code
      3				     org 100h
      4
      5
      6	0100			     start:
      7	0100  B4 0A			     mov ah, 0ah
      8	0102  BA 0137r			     mov dx, offset password
      9	0105  CD 21			     int 21h			 ;str input
     10
     11	0107  33 DB			     xor bx, bx			 ;bx = 0
     12	0109  8A 1E 0138r		     mov bl, password[1]	 ;real str len
     13	010D  C6 87 0139r 24 90		     mov password[bx+2], '$'	 ;'$' at the end of str
     14
     15	0113  E8 0031			     call hash_calculate
     16
     17	0116  A1 0143r			     mov ax, hash
     18	0119  8B 1E 0145r		     mov bx, correct_hash
     19
     20	011D  3B C3			     cmp ax, bx
     21	011F  75 0A			     jne incorrect
     22
     23	0121  B4 09			     mov ah, 09h
     24	0123  BA 0161r			     mov dx, offset correct_phrase
     25	0126  CD 21			     int 21h
     26
     27	0128  EB 08 90			     jmp prog_end
     28
     29	012B			     incorrect:
     30	012B  B4 09			     mov ah, 09h
     31	012D  BA 0172r			     mov dx, offset incorrect_phrase
     32	0130  CD 21			     int 21h
     33
     34	0132			     prog_end:
     35	0132  B8 4C00				     mov ax, 4c00h
     36	0135  CD 21				     int 21h
     37
     38	0137  14		     password		 db 20			; max len
     39	0138  00					 db 0			; real len
     40	0139  0A*(24)					 db 10 dup ('$')
     41	0143  0000		     hash		 dw 0
     42	0145  8770		     correct_hash	 dw 8770h
     43				     ;---------------------------------------------------------------
     44				     ;Calculates password hash
     45				     ;Entry: password[1] = password len
     46				     ;	     password[2] = password begin
     47				     ;Exit:  hash	 = password hash
     48				     ;Destr: ax, bx
     49				     ;---------------------------------------------------------------
     50	0147			     hash_calculate proc
     51
     52	0147  33 C0			     xor ax, ax		     ;ax = 0
     53	0149  33 DB			     xor bx, bx
     54
     55	014B			     one_letter:		     ;calculate	hash in	al
     56	014B  02 87 0139r		     add al, password[bx+2]
     57	014F  D1 E0			     shl ax, 1
Turbo Assembler	 Version 4.1	    03/16/26 17:14:59	    Page 2
break_me.asm



     58	0151  03 C0			     add ax, ax
     59	0153  43			     inc bx
     60	0154  8A AF 0139r		     mov ch, password[bx+2]
     61	0158  80 FD 24			     cmp ch, '$'
     62	015B  75 EE			     jne one_letter
     63
     64	015D  A3 0143r			     mov hash, ax	     ;hash in hash
     65
     66	0160  C3			     ret
     67	0161				     endp
     68	0161  43 6F 72 72 65 63	74+  correct_phrase	 db 'Correct password$'
     69	      20 70 61 73 73 77	6F+
     70	      72 64 24
     71	0172  49 6E 63 6F 72 72	65+  incorrect_phrase	 db 'Incorrect password$'
     72	      63 74 20 70 61 73	73+
     73	      77 6F 72 64 24
     74				     end	     Start
Turbo Assembler	 Version 4.1	    03/16/26 17:14:59	    Page 3
Symbol Table




Symbol Name			  Type	 Value

??DATE				  Text	 "03/16/26"
??FILENAME			  Text	 "break_me"
??TIME				  Text	 "17:14:59"
??VERSION			  Number 040A
@32BIT				  Text	 0
@CODE				  Text	 DGROUP
@CODESIZE			  Text	 0
@CPU				  Text	 0101H
@CURSEG				  Text	 _TEXT
@DATA				  Text	 DGROUP
@DATASIZE			  Text	 0
@FILENAME			  Text	 BREAK_ME
@INTERFACE			  Text	 000H
@MODEL				  Text	 1
@STACK				  Text	 DGROUP
@WORDSIZE			  Text	 2
CORRECT_HASH			  Word	 DGROUP:0145
CORRECT_PHRASE			  Byte	 DGROUP:0161
HASH				  Word	 DGROUP:0143
HASH_CALCULATE			  Near	 DGROUP:0147
INCORRECT			  Near	 DGROUP:012B
INCORRECT_PHRASE		  Byte	 DGROUP:0172
ONE_LETTER			  Near	 DGROUP:014B
PASSWORD			  Byte	 DGROUP:0137
PROG_END			  Near	 DGROUP:0132
START				  Near	 DGROUP:0100

Groups & Segments		  Bit Size Align  Combine Class

DGROUP				  Group
  _DATA				  16  0000 Word	  Public  DATA
  _TEXT				  16  0185 Word	  Public  CODE
